<?xml version="1.0" encoding="UTF-8"?>
<!-- Generated by org.testng.reporters.JUnitReportReporter -->
<testsuite hostname="admin" name="TestCases.TestSuite1" tests="2" failures="0" timestamp="16 May 2020 16:38:27 GMT" time="36.581" errors="0">
  <testcase name="validateLoginPage" time="8.282" classname="TestCases.TestSuite1"/>
  <testcase name="validateSearchResultInSearchPage" time="28.299" classname="TestCases.TestSuite1"/>
</testsuite> <!-- TestCases.TestSuite1 -->
