<?xml version="1.0" encoding="UTF-8"?>
<!-- Generated by org.testng.reporters.JUnitReportReporter -->
<testsuite hostname="admin" name="TestCases.TestSuite1" tests="4" failures="0" timestamp="22 May 2020 06:54:06 GMT" time="46.150" errors="0">
  <testcase name="addToCart" time="14.172" classname="TestCases.TestSuite1"/>
  <testcase name="validateLoginPage" time="5.958" classname="TestCases.TestSuite1"/>
  <testcase name="testScreenRotation" time="0.363" classname="TestCases.TestSuite1"/>
  <testcase name="validateSearchResultInSearchPage" time="25.657" classname="TestCases.TestSuite1"/>
</testsuite> <!-- TestCases.TestSuite1 -->
