<?xml version="1.0" encoding="UTF-8"?>
<!-- Generated by org.testng.reporters.JUnitReportReporter -->
<testsuite hostname="admin" name="TestCases.Sanity" tests="2" failures="0" timestamp="16 May 2020 16:11:13 GMT" time="34.466" errors="0">
  <testcase name="validateLoginPage" time="7.472" classname="TestCases.Sanity"/>
  <testcase name="validateSearchResultInSearchPage" time="26.994" classname="TestCases.Sanity"/>
</testsuite> <!-- TestCases.Sanity -->
