<?xml version="1.0" encoding="UTF-8"?>
<!-- Generated by org.testng.reporters.JUnitReportReporter -->
<testsuite hostname="admin" name="TestCases.TestSuite1" tests="3" failures="0" timestamp="17 May 2020 07:58:57 GMT" time="32.597" errors="0">
  <testcase name="validateLoginPage" time="6.468" classname="TestCases.TestSuite1"/>
  <testcase name="validateSearchResultInSearchPage" time="25.743" classname="TestCases.TestSuite1"/>
  <testcase name="testScreenRotation" time="0.386" classname="TestCases.TestSuite1"/>
</testsuite> <!-- TestCases.TestSuite1 -->
